2020-07-21 14:33:52.217 INFO  --- [StartupInfoLogger.java:50][restartedMain] - Starting MyApplication on Win7-2019IXFNKB with PID 9272 (started by Administrator in D:\vue课件\SpringBoot-Shiro-Vue\back)
2020-07-21 14:33:52.223 INFO  --- [SpringApplication.java:675][restartedMain] - No active profile set, falling back to default profiles: default
2020-07-21 14:33:58.544 INFO  --- [StartupInfoLogger.java:59][restartedMain] - Started MyApplication in 7.017 seconds (JVM running for 8.553)
2020-07-21 14:49:51.395 INFO  --- [HikariDataSource.java:110][http-nio-8080-exec-1] - HikariPool-1 - Starting...
2020-07-21 14:49:51.610 INFO  --- [HikariDataSource.java:123][http-nio-8080-exec-1] - HikariPool-1 - Start completed.
2020-07-21 14:49:51.623 DEBUG --- [BaseJdbcLogger.java:159][http-nio-8080-exec-1] - ==>  Preparing: SELECT u.id userId, u.username username, u.password password, u.nickname nickName FROM sys_user u WHERE u.username = ? AND u.password = ? AND u.delete_status = '1' 
2020-07-21 14:49:51.660 DEBUG --- [BaseJdbcLogger.java:159][http-nio-8080-exec-1] - ==> Parameters: admin(String), 123456(String)
2020-07-21 14:49:51.726 DEBUG --- [BaseJdbcLogger.java:159][http-nio-8080-exec-1] - <==      Total: 1
2020-07-21 14:49:51.831 DEBUG --- [BaseJdbcLogger.java:159][http-nio-8080-exec-2] - ==>  Preparing: SELECT u.id userId, u.nickname nickname, u.role_id roleId, r.role_name roleName, p.menu_code menuCode, p.permission_code permissionCode FROM sys_user u LEFT JOIN sys_role r ON r.id = u.role_id LEFT JOIN sys_role_permission rp ON u.role_id = rp.role_id LEFT JOIN sys_permission p ON rp.permission_id = p.id AND rp.delete_status = '1' WHERE u.username = ? AND u.delete_status = '1' 
2020-07-21 14:49:51.832 DEBUG --- [BaseJdbcLogger.java:159][http-nio-8080-exec-2] - ==> Parameters: admin(String)
2020-07-21 14:49:51.858 DEBUG --- [BaseJdbcLogger.java:159][http-nio-8080-exec-2] - <==      Total: 1
2020-07-21 14:49:51.884 DEBUG --- [BaseJdbcLogger.java:159][http-nio-8080-exec-2] - ==>  Preparing: SELECT p.menu_code menuCode FROM sys_permission p ORDER BY p.id 
2020-07-21 14:49:51.886 DEBUG --- [BaseJdbcLogger.java:159][http-nio-8080-exec-2] - ==> Parameters: 
2020-07-21 14:49:51.889 DEBUG --- [BaseJdbcLogger.java:159][http-nio-8080-exec-2] - <==      Total: 10
2020-07-21 14:49:51.892 DEBUG --- [BaseJdbcLogger.java:159][http-nio-8080-exec-2] - ==>  Preparing: SELECT p.permission_code permissionCode FROM sys_permission p ORDER BY p.id 
2020-07-21 14:49:51.893 DEBUG --- [BaseJdbcLogger.java:159][http-nio-8080-exec-2] - ==> Parameters: 
2020-07-21 14:49:51.896 DEBUG --- [BaseJdbcLogger.java:159][http-nio-8080-exec-2] - <==      Total: 10
2020-07-21 14:49:55.415 INFO  --- [UserRealm.java:41][http-nio-8080-exec-4] - permission的值为:{"menuList":["role","user","article"],"roleId":1,"nickname":"超级用户23","roleName":"管理员","permissionList":["article:list","user:list","user:add","role:update","article:add","role:list","article:update","user:update","role:delete","role:add"],"userId":10003}
2020-07-21 14:49:55.415 INFO  --- [UserRealm.java:41][http-nio-8080-exec-3] - permission的值为:{"menuList":["role","user","article"],"roleId":1,"nickname":"超级用户23","roleName":"管理员","permissionList":["article:list","user:list","user:add","role:update","article:add","role:list","article:update","user:update","role:delete","role:add"],"userId":10003}
2020-07-21 14:49:55.416 INFO  --- [UserRealm.java:42][http-nio-8080-exec-3] - 本用户权限为:[article:list, user:list, user:add, role:update, article:add, role:list, article:update, user:update, role:delete, role:add]
2020-07-21 14:49:55.416 INFO  --- [UserRealm.java:42][http-nio-8080-exec-4] - 本用户权限为:[article:list, user:list, user:add, role:update, article:add, role:list, article:update, user:update, role:delete, role:add]
2020-07-21 14:49:55.417 INFO  --- [UserRealm.java:41][http-nio-8080-exec-4] - permission的值为:{"menuList":["role","user","article"],"roleId":1,"nickname":"超级用户23","roleName":"管理员","permissionList":["article:list","user:list","user:add","role:update","article:add","role:list","article:update","user:update","role:delete","role:add"],"userId":10003}
2020-07-21 14:49:55.418 INFO  --- [UserRealm.java:42][http-nio-8080-exec-4] - 本用户权限为:[article:list, user:list, user:add, role:update, article:add, role:list, article:update, user:update, role:delete, role:add]
2020-07-21 14:49:55.431 DEBUG --- [BaseJdbcLogger.java:159][http-nio-8080-exec-3] - ==>  Preparing: SELECT count(0) FROM sys_user u WHERE u.delete_status = '1' 
2020-07-21 14:49:55.431 DEBUG --- [BaseJdbcLogger.java:159][http-nio-8080-exec-4] - ==>  Preparing: SELECT id roleId, role_name roleName FROM sys_role WHERE delete_status='1' 
2020-07-21 14:49:55.432 DEBUG --- [BaseJdbcLogger.java:159][http-nio-8080-exec-4] - ==> Parameters: 
2020-07-21 14:49:55.432 DEBUG --- [BaseJdbcLogger.java:159][http-nio-8080-exec-3] - ==> Parameters: 
2020-07-21 14:49:55.434 DEBUG --- [BaseJdbcLogger.java:159][http-nio-8080-exec-3] - <==      Total: 1
2020-07-21 14:49:55.434 DEBUG --- [BaseJdbcLogger.java:159][http-nio-8080-exec-4] - <==      Total: 3
2020-07-21 14:49:55.435 DEBUG --- [BaseJdbcLogger.java:159][http-nio-8080-exec-3] - ==>  Preparing: SELECT u.*, r.role_name roleName, CONCAT(p.menu_name, p.permission_name) permissionName FROM ( SELECT id userId, username username, nickname nickname, role_id roleId, delete_status deleteStatus, DATE_FORMAT(create_time, '%Y.%m.%d %T') createTime, DATE_FORMAT(update_time, '%Y.%m.%d %T') updateTime FROM sys_user WHERE delete_status = '1' ORDER BY id LIMIT ?, ? ) u LEFT JOIN sys_role r ON r.id = u.roleId LEFT JOIN sys_role_permission rp ON rp.role_id = r.id LEFT JOIN sys_permission p ON p.id = rp.permission_id ORDER BY u.userId 
2020-07-21 14:49:55.436 DEBUG --- [BaseJdbcLogger.java:159][http-nio-8080-exec-3] - ==> Parameters: 0(Integer), 50(Integer)
2020-07-21 14:49:55.454 DEBUG --- [BaseJdbcLogger.java:159][http-nio-8080-exec-3] - <==      Total: 29
2020-07-21 14:49:57.259 INFO  --- [UserRealm.java:41][http-nio-8080-exec-5] - permission的值为:{"menuList":["role","user","article"],"roleId":1,"nickname":"超级用户23","roleName":"管理员","permissionList":["article:list","user:list","user:add","role:update","article:add","role:list","article:update","user:update","role:delete","role:add"],"userId":10003}
2020-07-21 14:49:57.259 INFO  --- [UserRealm.java:41][http-nio-8080-exec-6] - permission的值为:{"menuList":["role","user","article"],"roleId":1,"nickname":"超级用户23","roleName":"管理员","permissionList":["article:list","user:list","user:add","role:update","article:add","role:list","article:update","user:update","role:delete","role:add"],"userId":10003}
2020-07-21 14:49:57.259 INFO  --- [UserRealm.java:42][http-nio-8080-exec-5] - 本用户权限为:[article:list, user:list, user:add, role:update, article:add, role:list, article:update, user:update, role:delete, role:add]
2020-07-21 14:49:57.260 INFO  --- [UserRealm.java:42][http-nio-8080-exec-6] - 本用户权限为:[article:list, user:list, user:add, role:update, article:add, role:list, article:update, user:update, role:delete, role:add]
2020-07-21 14:49:57.262 DEBUG --- [BaseJdbcLogger.java:159][http-nio-8080-exec-5] - ==>  Preparing: SELECT r.id roleId, r.role_name roleName, u.id userId, u.nickname nickname, p.id permissionId, p.menu_code menuCode, p.menu_name menuName, p.permission_name permissionName FROM sys_role r LEFT JOIN sys_user u ON r.id = u.role_id AND u.delete_status = '1' LEFT JOIN sys_role_permission rp ON r.id = rp.role_id AND rp.delete_status = '1' LEFT JOIN sys_permission p ON rp.permission_id = p.id WHERE r.delete_status = '1' ORDER BY r.id, p.id 
2020-07-21 14:49:57.262 DEBUG --- [BaseJdbcLogger.java:159][http-nio-8080-exec-6] - ==>  Preparing: SELECT p.id id, p.menu_name menuName, p.permission_name permissionName, p.required_permission requiredPerm FROM sys_permission p; 
2020-07-21 14:49:57.263 DEBUG --- [BaseJdbcLogger.java:159][http-nio-8080-exec-5] - ==> Parameters: 
2020-07-21 14:49:57.263 DEBUG --- [BaseJdbcLogger.java:159][http-nio-8080-exec-6] - ==> Parameters: 
2020-07-21 14:49:57.268 DEBUG --- [BaseJdbcLogger.java:159][http-nio-8080-exec-6] - <==      Total: 10
2020-07-21 14:49:57.274 DEBUG --- [BaseJdbcLogger.java:159][http-nio-8080-exec-5] - <==      Total: 19
