2020-07-16 09:11:43.498 INFO  --- [StartupInfoLogger.java:50][restartedMain] - Starting MyApplication on Win7-2019IXFNKB with PID 10060 (started by Administrator in D:\vue课件\SpringBoot-Shiro-Vue\back)
2020-07-16 09:11:43.502 INFO  --- [SpringApplication.java:675][restartedMain] - No active profile set, falling back to default profiles: default
2020-07-16 09:11:49.161 INFO  --- [StartupInfoLogger.java:59][restartedMain] - Started MyApplication in 6.241 seconds (JVM running for 8.21)
2020-07-16 09:18:02.062 INFO  --- [StartupInfoLogger.java:50][restartedMain] - Starting MyApplication on Win7-2019IXFNKB with PID 8876 (started by Administrator in D:\vue课件\SpringBoot-Shiro-Vue\back)
2020-07-16 09:18:02.069 INFO  --- [SpringApplication.java:675][restartedMain] - No active profile set, falling back to default profiles: default
2020-07-16 09:18:08.794 INFO  --- [StartupInfoLogger.java:59][restartedMain] - Started MyApplication in 7.263 seconds (JVM running for 9.369)
2020-07-16 10:36:24.344 INFO  --- [StartupInfoLogger.java:50][restartedMain] - Starting MyApplication on Win7-2019IXFNKB with PID 11612 (started by Administrator in D:\vue课件\SpringBoot-Shiro-Vue\back)
2020-07-16 10:36:24.349 INFO  --- [SpringApplication.java:675][restartedMain] - No active profile set, falling back to default profiles: default
2020-07-16 10:36:30.865 INFO  --- [StartupInfoLogger.java:59][restartedMain] - Started MyApplication in 7.164 seconds (JVM running for 8.692)
2020-07-16 10:47:21.687 INFO  --- [HikariDataSource.java:110][http-nio-8080-exec-1] - HikariPool-1 - Starting...
2020-07-16 10:47:21.887 INFO  --- [HikariDataSource.java:123][http-nio-8080-exec-1] - HikariPool-1 - Start completed.
2020-07-16 10:47:21.899 DEBUG --- [BaseJdbcLogger.java:159][http-nio-8080-exec-1] - ==>  Preparing: SELECT u.id userId, u.username username, u.password password, u.nickname nickName FROM sys_user u WHERE u.username = ? AND u.password = ? AND u.delete_status = '1' 
2020-07-16 10:47:21.935 DEBUG --- [BaseJdbcLogger.java:159][http-nio-8080-exec-1] - ==> Parameters: admin(String), 123456(String)
2020-07-16 10:47:21.988 DEBUG --- [BaseJdbcLogger.java:159][http-nio-8080-exec-1] - <==      Total: 1
2020-07-16 10:47:22.080 DEBUG --- [BaseJdbcLogger.java:159][http-nio-8080-exec-2] - ==>  Preparing: SELECT u.id userId, u.nickname nickname, u.role_id roleId, r.role_name roleName, p.menu_code menuCode, p.permission_code permissionCode FROM sys_user u LEFT JOIN sys_role r ON r.id = u.role_id LEFT JOIN sys_role_permission rp ON u.role_id = rp.role_id LEFT JOIN sys_permission p ON rp.permission_id = p.id AND rp.delete_status = '1' WHERE u.username = ? AND u.delete_status = '1' 
2020-07-16 10:47:22.081 DEBUG --- [BaseJdbcLogger.java:159][http-nio-8080-exec-2] - ==> Parameters: admin(String)
2020-07-16 10:47:22.098 DEBUG --- [BaseJdbcLogger.java:159][http-nio-8080-exec-2] - <==      Total: 1
2020-07-16 10:47:22.125 DEBUG --- [BaseJdbcLogger.java:159][http-nio-8080-exec-2] - ==>  Preparing: SELECT p.menu_code menuCode FROM sys_permission p ORDER BY p.id 
2020-07-16 10:47:22.125 DEBUG --- [BaseJdbcLogger.java:159][http-nio-8080-exec-2] - ==> Parameters: 
2020-07-16 10:47:22.128 DEBUG --- [BaseJdbcLogger.java:159][http-nio-8080-exec-2] - <==      Total: 10
2020-07-16 10:47:22.129 DEBUG --- [BaseJdbcLogger.java:159][http-nio-8080-exec-2] - ==>  Preparing: SELECT p.permission_code permissionCode FROM sys_permission p ORDER BY p.id 
2020-07-16 10:47:22.130 DEBUG --- [BaseJdbcLogger.java:159][http-nio-8080-exec-2] - ==> Parameters: 
2020-07-16 10:47:22.132 DEBUG --- [BaseJdbcLogger.java:159][http-nio-8080-exec-2] - <==      Total: 10
2020-07-16 10:47:28.190 INFO  --- [UserRealm.java:36][http-nio-8080-exec-3] - permission的值为:{"menuList":["role","user","article"],"roleId":1,"nickname":"超级用户23","roleName":"管理员","permissionList":["article:list","user:list","user:add","role:update","article:add","role:list","article:update","user:update","role:delete","role:add"],"userId":10003}
2020-07-16 10:47:28.190 INFO  --- [UserRealm.java:36][http-nio-8080-exec-4] - permission的值为:{"menuList":["role","user","article"],"roleId":1,"nickname":"超级用户23","roleName":"管理员","permissionList":["article:list","user:list","user:add","role:update","article:add","role:list","article:update","user:update","role:delete","role:add"],"userId":10003}
2020-07-16 10:47:28.191 INFO  --- [UserRealm.java:37][http-nio-8080-exec-3] - 本用户权限为:[article:list, user:list, user:add, role:update, article:add, role:list, article:update, user:update, role:delete, role:add]
2020-07-16 10:47:28.191 INFO  --- [UserRealm.java:37][http-nio-8080-exec-4] - 本用户权限为:[article:list, user:list, user:add, role:update, article:add, role:list, article:update, user:update, role:delete, role:add]
2020-07-16 10:47:28.193 INFO  --- [UserRealm.java:36][http-nio-8080-exec-4] - permission的值为:{"menuList":["role","user","article"],"roleId":1,"nickname":"超级用户23","roleName":"管理员","permissionList":["article:list","user:list","user:add","role:update","article:add","role:list","article:update","user:update","role:delete","role:add"],"userId":10003}
2020-07-16 10:47:28.193 INFO  --- [UserRealm.java:37][http-nio-8080-exec-4] - 本用户权限为:[article:list, user:list, user:add, role:update, article:add, role:list, article:update, user:update, role:delete, role:add]
2020-07-16 10:47:28.206 DEBUG --- [BaseJdbcLogger.java:159][http-nio-8080-exec-4] - ==>  Preparing: SELECT id roleId, role_name roleName FROM sys_role WHERE delete_status='1' 
2020-07-16 10:47:28.206 DEBUG --- [BaseJdbcLogger.java:159][http-nio-8080-exec-3] - ==>  Preparing: SELECT count(0) FROM sys_user u WHERE u.delete_status = '1' 
2020-07-16 10:47:28.207 DEBUG --- [BaseJdbcLogger.java:159][http-nio-8080-exec-3] - ==> Parameters: 
2020-07-16 10:47:28.207 DEBUG --- [BaseJdbcLogger.java:159][http-nio-8080-exec-4] - ==> Parameters: 
2020-07-16 10:47:28.209 DEBUG --- [BaseJdbcLogger.java:159][http-nio-8080-exec-3] - <==      Total: 1
2020-07-16 10:47:28.210 DEBUG --- [BaseJdbcLogger.java:159][http-nio-8080-exec-4] - <==      Total: 3
2020-07-16 10:47:28.211 DEBUG --- [BaseJdbcLogger.java:159][http-nio-8080-exec-3] - ==>  Preparing: SELECT u.*, r.role_name roleName, CONCAT(p.menu_name, p.permission_name) permissionName FROM ( SELECT id userId, username username, nickname nickname, role_id roleId, delete_status deleteStatus, DATE_FORMAT(create_time, '%Y.%m.%d %T') createTime, DATE_FORMAT(update_time, '%Y.%m.%d %T') updateTime FROM sys_user WHERE delete_status = '1' ORDER BY id LIMIT ?, ? ) u LEFT JOIN sys_role r ON r.id = u.roleId LEFT JOIN sys_role_permission rp ON rp.role_id = r.id LEFT JOIN sys_permission p ON p.id = rp.permission_id ORDER BY u.userId 
2020-07-16 10:47:28.212 DEBUG --- [BaseJdbcLogger.java:159][http-nio-8080-exec-3] - ==> Parameters: 0(Integer), 50(Integer)
2020-07-16 10:47:28.226 DEBUG --- [BaseJdbcLogger.java:159][http-nio-8080-exec-3] - <==      Total: 19
2020-07-16 10:47:48.933 INFO  --- [UserRealm.java:36][http-nio-8080-exec-5] - permission的值为:{"menuList":["role","user","article"],"roleId":1,"nickname":"超级用户23","roleName":"管理员","permissionList":["article:list","user:list","user:add","role:update","article:add","role:list","article:update","user:update","role:delete","role:add"],"userId":10003}
2020-07-16 10:47:48.934 INFO  --- [UserRealm.java:37][http-nio-8080-exec-5] - 本用户权限为:[article:list, user:list, user:add, role:update, article:add, role:list, article:update, user:update, role:delete, role:add]
2020-07-16 10:47:48.952 DEBUG --- [BaseJdbcLogger.java:159][http-nio-8080-exec-5] - ==>  Preparing: SELECT count(0) FROM article w WHERE w.delete_status = '1' 
2020-07-16 10:47:48.953 DEBUG --- [BaseJdbcLogger.java:159][http-nio-8080-exec-5] - ==> Parameters: 
2020-07-16 10:47:48.962 DEBUG --- [BaseJdbcLogger.java:159][http-nio-8080-exec-5] - <==      Total: 1
2020-07-16 10:47:48.963 DEBUG --- [BaseJdbcLogger.java:159][http-nio-8080-exec-5] - ==>  Preparing: SELECT w.id id, w.content content, date_format(w.create_time, '%Y.%m.%d %T') createTime FROM article w WHERE w.delete_status = '1' ORDER BY w.id DESC LIMIT ?, ? 
2020-07-16 10:47:48.965 DEBUG --- [BaseJdbcLogger.java:159][http-nio-8080-exec-5] - ==> Parameters: 0(Integer), 50(Integer)
2020-07-16 10:47:48.967 DEBUG --- [BaseJdbcLogger.java:159][http-nio-8080-exec-5] - <==      Total: 5
2020-07-16 10:48:23.291 INFO  --- [UserRealm.java:36][http-nio-8080-exec-6] - permission的值为:{"menuList":["role","user","article"],"roleId":1,"nickname":"超级用户23","roleName":"管理员","permissionList":["article:list","user:list","user:add","role:update","article:add","role:list","article:update","user:update","role:delete","role:add"],"userId":10003}
2020-07-16 10:48:23.291 INFO  --- [UserRealm.java:36][http-nio-8080-exec-7] - permission的值为:{"menuList":["role","user","article"],"roleId":1,"nickname":"超级用户23","roleName":"管理员","permissionList":["article:list","user:list","user:add","role:update","article:add","role:list","article:update","user:update","role:delete","role:add"],"userId":10003}
2020-07-16 10:48:23.292 INFO  --- [UserRealm.java:37][http-nio-8080-exec-6] - 本用户权限为:[article:list, user:list, user:add, role:update, article:add, role:list, article:update, user:update, role:delete, role:add]
2020-07-16 10:48:23.292 INFO  --- [UserRealm.java:37][http-nio-8080-exec-7] - 本用户权限为:[article:list, user:list, user:add, role:update, article:add, role:list, article:update, user:update, role:delete, role:add]
2020-07-16 10:48:23.293 INFO  --- [UserRealm.java:36][http-nio-8080-exec-7] - permission的值为:{"menuList":["role","user","article"],"roleId":1,"nickname":"超级用户23","roleName":"管理员","permissionList":["article:list","user:list","user:add","role:update","article:add","role:list","article:update","user:update","role:delete","role:add"],"userId":10003}
2020-07-16 10:48:23.293 INFO  --- [UserRealm.java:37][http-nio-8080-exec-7] - 本用户权限为:[article:list, user:list, user:add, role:update, article:add, role:list, article:update, user:update, role:delete, role:add]
2020-07-16 10:48:23.294 DEBUG --- [BaseJdbcLogger.java:159][http-nio-8080-exec-6] - ==>  Preparing: SELECT count(0) FROM sys_user u WHERE u.delete_status = '1' 
2020-07-16 10:48:23.295 DEBUG --- [BaseJdbcLogger.java:159][http-nio-8080-exec-6] - ==> Parameters: 
2020-07-16 10:48:23.295 DEBUG --- [BaseJdbcLogger.java:159][http-nio-8080-exec-7] - ==>  Preparing: SELECT id roleId, role_name roleName FROM sys_role WHERE delete_status='1' 
2020-07-16 10:48:23.296 DEBUG --- [BaseJdbcLogger.java:159][http-nio-8080-exec-7] - ==> Parameters: 
2020-07-16 10:48:23.297 DEBUG --- [BaseJdbcLogger.java:159][http-nio-8080-exec-6] - <==      Total: 1
2020-07-16 10:48:23.298 DEBUG --- [BaseJdbcLogger.java:159][http-nio-8080-exec-6] - ==>  Preparing: SELECT u.*, r.role_name roleName, CONCAT(p.menu_name, p.permission_name) permissionName FROM ( SELECT id userId, username username, nickname nickname, role_id roleId, delete_status deleteStatus, DATE_FORMAT(create_time, '%Y.%m.%d %T') createTime, DATE_FORMAT(update_time, '%Y.%m.%d %T') updateTime FROM sys_user WHERE delete_status = '1' ORDER BY id LIMIT ?, ? ) u LEFT JOIN sys_role r ON r.id = u.roleId LEFT JOIN sys_role_permission rp ON rp.role_id = r.id LEFT JOIN sys_permission p ON p.id = rp.permission_id ORDER BY u.userId 
2020-07-16 10:48:23.298 DEBUG --- [BaseJdbcLogger.java:159][http-nio-8080-exec-7] - <==      Total: 3
2020-07-16 10:48:23.300 DEBUG --- [BaseJdbcLogger.java:159][http-nio-8080-exec-6] - ==> Parameters: 0(Integer), 50(Integer)
2020-07-16 10:48:23.310 DEBUG --- [BaseJdbcLogger.java:159][http-nio-8080-exec-6] - <==      Total: 19
2020-07-16 10:48:25.061 INFO  --- [UserRealm.java:36][http-nio-8080-exec-8] - permission的值为:{"menuList":["role","user","article"],"roleId":1,"nickname":"超级用户23","roleName":"管理员","permissionList":["article:list","user:list","user:add","role:update","article:add","role:list","article:update","user:update","role:delete","role:add"],"userId":10003}
2020-07-16 10:48:25.062 INFO  --- [UserRealm.java:37][http-nio-8080-exec-8] - 本用户权限为:[article:list, user:list, user:add, role:update, article:add, role:list, article:update, user:update, role:delete, role:add]
2020-07-16 10:48:25.063 DEBUG --- [BaseJdbcLogger.java:159][http-nio-8080-exec-8] - ==>  Preparing: SELECT r.id roleId, r.role_name roleName, u.id userId, u.nickname nickname, p.id permissionId, p.menu_code menuCode, p.menu_name menuName, p.permission_name permissionName FROM sys_role r LEFT JOIN sys_user u ON r.id = u.role_id AND u.delete_status = '1' LEFT JOIN sys_role_permission rp ON r.id = rp.role_id AND rp.delete_status = '1' LEFT JOIN sys_permission p ON rp.permission_id = p.id WHERE r.delete_status = '1' ORDER BY r.id, p.id 
2020-07-16 10:48:25.064 DEBUG --- [BaseJdbcLogger.java:159][http-nio-8080-exec-8] - ==> Parameters: 
2020-07-16 10:48:25.076 DEBUG --- [BaseJdbcLogger.java:159][http-nio-8080-exec-8] - <==      Total: 19
2020-07-16 10:48:25.362 INFO  --- [UserRealm.java:36][http-nio-8080-exec-9] - permission的值为:{"menuList":["role","user","article"],"roleId":1,"nickname":"超级用户23","roleName":"管理员","permissionList":["article:list","user:list","user:add","role:update","article:add","role:list","article:update","user:update","role:delete","role:add"],"userId":10003}
2020-07-16 10:48:25.362 INFO  --- [UserRealm.java:37][http-nio-8080-exec-9] - 本用户权限为:[article:list, user:list, user:add, role:update, article:add, role:list, article:update, user:update, role:delete, role:add]
2020-07-16 10:48:25.364 DEBUG --- [BaseJdbcLogger.java:159][http-nio-8080-exec-9] - ==>  Preparing: SELECT p.id id, p.menu_name menuName, p.permission_name permissionName, p.required_permission requiredPerm FROM sys_permission p; 
2020-07-16 10:48:25.365 DEBUG --- [BaseJdbcLogger.java:159][http-nio-8080-exec-9] - ==> Parameters: 
2020-07-16 10:48:25.370 DEBUG --- [BaseJdbcLogger.java:159][http-nio-8080-exec-9] - <==      Total: 10
2020-07-16 10:50:03.372 INFO  --- [UserRealm.java:36][http-nio-8080-exec-1] - permission的值为:{"menuList":["role","user","article"],"roleId":1,"nickname":"超级用户23","roleName":"管理员","permissionList":["article:list","user:list","user:add","role:update","article:add","role:list","article:update","user:update","role:delete","role:add"],"userId":10003}
2020-07-16 10:50:03.372 INFO  --- [UserRealm.java:36][http-nio-8080-exec-10] - permission的值为:{"menuList":["role","user","article"],"roleId":1,"nickname":"超级用户23","roleName":"管理员","permissionList":["article:list","user:list","user:add","role:update","article:add","role:list","article:update","user:update","role:delete","role:add"],"userId":10003}
2020-07-16 10:50:03.373 INFO  --- [UserRealm.java:37][http-nio-8080-exec-1] - 本用户权限为:[article:list, user:list, user:add, role:update, article:add, role:list, article:update, user:update, role:delete, role:add]
2020-07-16 10:50:03.373 INFO  --- [UserRealm.java:37][http-nio-8080-exec-10] - 本用户权限为:[article:list, user:list, user:add, role:update, article:add, role:list, article:update, user:update, role:delete, role:add]
2020-07-16 10:50:03.374 INFO  --- [UserRealm.java:36][http-nio-8080-exec-1] - permission的值为:{"menuList":["role","user","article"],"roleId":1,"nickname":"超级用户23","roleName":"管理员","permissionList":["article:list","user:list","user:add","role:update","article:add","role:list","article:update","user:update","role:delete","role:add"],"userId":10003}
2020-07-16 10:50:03.374 INFO  --- [UserRealm.java:37][http-nio-8080-exec-1] - 本用户权限为:[article:list, user:list, user:add, role:update, article:add, role:list, article:update, user:update, role:delete, role:add]
2020-07-16 10:50:03.375 DEBUG --- [BaseJdbcLogger.java:159][http-nio-8080-exec-10] - ==>  Preparing: SELECT count(0) FROM sys_user u WHERE u.delete_status = '1' 
2020-07-16 10:50:03.375 DEBUG --- [BaseJdbcLogger.java:159][http-nio-8080-exec-1] - ==>  Preparing: SELECT id roleId, role_name roleName FROM sys_role WHERE delete_status='1' 
2020-07-16 10:50:03.376 DEBUG --- [BaseJdbcLogger.java:159][http-nio-8080-exec-10] - ==> Parameters: 
2020-07-16 10:50:03.377 DEBUG --- [BaseJdbcLogger.java:159][http-nio-8080-exec-1] - ==> Parameters: 
2020-07-16 10:50:03.378 DEBUG --- [BaseJdbcLogger.java:159][http-nio-8080-exec-10] - <==      Total: 1
2020-07-16 10:50:03.379 DEBUG --- [BaseJdbcLogger.java:159][http-nio-8080-exec-10] - ==>  Preparing: SELECT u.*, r.role_name roleName, CONCAT(p.menu_name, p.permission_name) permissionName FROM ( SELECT id userId, username username, nickname nickname, role_id roleId, delete_status deleteStatus, DATE_FORMAT(create_time, '%Y.%m.%d %T') createTime, DATE_FORMAT(update_time, '%Y.%m.%d %T') updateTime FROM sys_user WHERE delete_status = '1' ORDER BY id LIMIT ?, ? ) u LEFT JOIN sys_role r ON r.id = u.roleId LEFT JOIN sys_role_permission rp ON rp.role_id = r.id LEFT JOIN sys_permission p ON p.id = rp.permission_id ORDER BY u.userId 
2020-07-16 10:50:03.380 DEBUG --- [BaseJdbcLogger.java:159][http-nio-8080-exec-10] - ==> Parameters: 0(Integer), 50(Integer)
2020-07-16 10:50:03.380 DEBUG --- [BaseJdbcLogger.java:159][http-nio-8080-exec-1] - <==      Total: 3
2020-07-16 10:50:03.388 DEBUG --- [BaseJdbcLogger.java:159][http-nio-8080-exec-10] - <==      Total: 19
2020-07-16 10:52:50.890 INFO  --- [UserRealm.java:36][http-nio-8080-exec-2] - permission的值为:{"menuList":["role","user","article"],"roleId":1,"nickname":"超级用户23","roleName":"管理员","permissionList":["article:list","user:list","user:add","role:update","article:add","role:list","article:update","user:update","role:delete","role:add"],"userId":10003}
2020-07-16 10:52:50.890 INFO  --- [UserRealm.java:36][http-nio-8080-exec-4] - permission的值为:{"menuList":["role","user","article"],"roleId":1,"nickname":"超级用户23","roleName":"管理员","permissionList":["article:list","user:list","user:add","role:update","article:add","role:list","article:update","user:update","role:delete","role:add"],"userId":10003}
2020-07-16 10:52:50.890 INFO  --- [UserRealm.java:37][http-nio-8080-exec-4] - 本用户权限为:[article:list, user:list, user:add, role:update, article:add, role:list, article:update, user:update, role:delete, role:add]
2020-07-16 10:52:50.890 INFO  --- [UserRealm.java:37][http-nio-8080-exec-2] - 本用户权限为:[article:list, user:list, user:add, role:update, article:add, role:list, article:update, user:update, role:delete, role:add]
2020-07-16 10:52:50.892 DEBUG --- [BaseJdbcLogger.java:159][http-nio-8080-exec-2] - ==>  Preparing: SELECT r.id roleId, r.role_name roleName, u.id userId, u.nickname nickname, p.id permissionId, p.menu_code menuCode, p.menu_name menuName, p.permission_name permissionName FROM sys_role r LEFT JOIN sys_user u ON r.id = u.role_id AND u.delete_status = '1' LEFT JOIN sys_role_permission rp ON r.id = rp.role_id AND rp.delete_status = '1' LEFT JOIN sys_permission p ON rp.permission_id = p.id WHERE r.delete_status = '1' ORDER BY r.id, p.id 
2020-07-16 10:52:50.892 DEBUG --- [BaseJdbcLogger.java:159][http-nio-8080-exec-4] - ==>  Preparing: SELECT p.id id, p.menu_name menuName, p.permission_name permissionName, p.required_permission requiredPerm FROM sys_permission p; 
2020-07-16 10:52:50.893 DEBUG --- [BaseJdbcLogger.java:159][http-nio-8080-exec-4] - ==> Parameters: 
2020-07-16 10:52:50.893 DEBUG --- [BaseJdbcLogger.java:159][http-nio-8080-exec-2] - ==> Parameters: 
2020-07-16 10:52:50.899 DEBUG --- [BaseJdbcLogger.java:159][http-nio-8080-exec-4] - <==      Total: 10
2020-07-16 10:52:50.905 DEBUG --- [BaseJdbcLogger.java:159][http-nio-8080-exec-2] - <==      Total: 19
2020-07-16 10:54:26.796 DEBUG --- [BaseJdbcLogger.java:159][http-nio-8080-exec-5] - ==>  Preparing: SELECT u.id userId, u.username username, u.password password, u.nickname nickName FROM sys_user u WHERE u.username = ? AND u.password = ? AND u.delete_status = '1' 
2020-07-16 10:54:26.797 DEBUG --- [BaseJdbcLogger.java:159][http-nio-8080-exec-5] - ==> Parameters: test(String), 123456(String)
2020-07-16 10:54:26.799 DEBUG --- [BaseJdbcLogger.java:159][http-nio-8080-exec-5] - <==      Total: 1
2020-07-16 10:54:27.042 DEBUG --- [BaseJdbcLogger.java:159][http-nio-8080-exec-7] - ==>  Preparing: SELECT u.id userId, u.nickname nickname, u.role_id roleId, r.role_name roleName, p.menu_code menuCode, p.permission_code permissionCode FROM sys_user u LEFT JOIN sys_role r ON r.id = u.role_id LEFT JOIN sys_role_permission rp ON u.role_id = rp.role_id LEFT JOIN sys_permission p ON rp.permission_id = p.id AND rp.delete_status = '1' WHERE u.username = ? AND u.delete_status = '1' 
2020-07-16 10:54:27.043 DEBUG --- [BaseJdbcLogger.java:159][http-nio-8080-exec-7] - ==> Parameters: test(String)
2020-07-16 10:54:27.047 DEBUG --- [BaseJdbcLogger.java:159][http-nio-8080-exec-7] - <==      Total: 7
2020-07-16 10:54:32.504 INFO  --- [UserRealm.java:36][http-nio-8080-exec-6] - permission的值为:{"menuList":["role","user","article"],"roleId":3,"nickname":"就看看列表","roleName":"程序员","permissionList":["article:list","user:list","article:add","role:list","role:delete","user:update","role:add"],"userId":10007}
2020-07-16 10:54:32.505 INFO  --- [UserRealm.java:37][http-nio-8080-exec-6] - 本用户权限为:[article:list, user:list, article:add, role:list, role:delete, user:update, role:add]
2020-07-16 10:54:32.506 DEBUG --- [BaseJdbcLogger.java:159][http-nio-8080-exec-6] - ==>  Preparing: SELECT r.id roleId, r.role_name roleName, u.id userId, u.nickname nickname, p.id permissionId, p.menu_code menuCode, p.menu_name menuName, p.permission_name permissionName FROM sys_role r LEFT JOIN sys_user u ON r.id = u.role_id AND u.delete_status = '1' LEFT JOIN sys_role_permission rp ON r.id = rp.role_id AND rp.delete_status = '1' LEFT JOIN sys_permission p ON rp.permission_id = p.id WHERE r.delete_status = '1' ORDER BY r.id, p.id 
2020-07-16 10:54:32.508 DEBUG --- [BaseJdbcLogger.java:159][http-nio-8080-exec-6] - ==> Parameters: 
2020-07-16 10:54:32.515 DEBUG --- [BaseJdbcLogger.java:159][http-nio-8080-exec-6] - <==      Total: 19
2020-07-16 10:54:32.805 INFO  --- [UserRealm.java:36][http-nio-8080-exec-8] - permission的值为:{"menuList":["role","user","article"],"roleId":3,"nickname":"就看看列表","roleName":"程序员","permissionList":["article:list","user:list","article:add","role:list","role:delete","user:update","role:add"],"userId":10007}
2020-07-16 10:54:32.805 INFO  --- [UserRealm.java:37][http-nio-8080-exec-8] - 本用户权限为:[article:list, user:list, article:add, role:list, role:delete, user:update, role:add]
2020-07-16 10:54:32.806 DEBUG --- [BaseJdbcLogger.java:159][http-nio-8080-exec-8] - ==>  Preparing: SELECT p.id id, p.menu_name menuName, p.permission_name permissionName, p.required_permission requiredPerm FROM sys_permission p; 
2020-07-16 10:54:32.807 DEBUG --- [BaseJdbcLogger.java:159][http-nio-8080-exec-8] - ==> Parameters: 
2020-07-16 10:54:32.810 DEBUG --- [BaseJdbcLogger.java:159][http-nio-8080-exec-8] - <==      Total: 10
2020-07-16 10:55:55.881 DEBUG --- [BaseJdbcLogger.java:159][http-nio-8080-exec-1] - ==>  Preparing: SELECT u.id userId, u.username username, u.password password, u.nickname nickName FROM sys_user u WHERE u.username = ? AND u.password = ? AND u.delete_status = '1' 
2020-07-16 10:55:55.882 DEBUG --- [BaseJdbcLogger.java:159][http-nio-8080-exec-1] - ==> Parameters: admin(String), 123456(String)
2020-07-16 10:55:55.884 DEBUG --- [BaseJdbcLogger.java:159][http-nio-8080-exec-1] - <==      Total: 1
2020-07-16 10:55:55.916 DEBUG --- [BaseJdbcLogger.java:159][http-nio-8080-exec-10] - ==>  Preparing: SELECT u.id userId, u.nickname nickname, u.role_id roleId, r.role_name roleName, p.menu_code menuCode, p.permission_code permissionCode FROM sys_user u LEFT JOIN sys_role r ON r.id = u.role_id LEFT JOIN sys_role_permission rp ON u.role_id = rp.role_id LEFT JOIN sys_permission p ON rp.permission_id = p.id AND rp.delete_status = '1' WHERE u.username = ? AND u.delete_status = '1' 
2020-07-16 10:55:55.917 DEBUG --- [BaseJdbcLogger.java:159][http-nio-8080-exec-10] - ==> Parameters: admin(String)
2020-07-16 10:55:55.919 DEBUG --- [BaseJdbcLogger.java:159][http-nio-8080-exec-10] - <==      Total: 1
2020-07-16 10:55:55.920 DEBUG --- [BaseJdbcLogger.java:159][http-nio-8080-exec-10] - ==>  Preparing: SELECT p.menu_code menuCode FROM sys_permission p ORDER BY p.id 
2020-07-16 10:55:55.920 DEBUG --- [BaseJdbcLogger.java:159][http-nio-8080-exec-10] - ==> Parameters: 
2020-07-16 10:55:55.922 DEBUG --- [BaseJdbcLogger.java:159][http-nio-8080-exec-10] - <==      Total: 10
2020-07-16 10:55:55.922 DEBUG --- [BaseJdbcLogger.java:159][http-nio-8080-exec-10] - ==>  Preparing: SELECT p.permission_code permissionCode FROM sys_permission p ORDER BY p.id 
2020-07-16 10:55:55.923 DEBUG --- [BaseJdbcLogger.java:159][http-nio-8080-exec-10] - ==> Parameters: 
2020-07-16 10:55:55.924 DEBUG --- [BaseJdbcLogger.java:159][http-nio-8080-exec-10] - <==      Total: 10
2020-07-16 10:56:01.907 INFO  --- [UserRealm.java:36][http-nio-8080-exec-4] - permission的值为:{"menuList":["role","user","article"],"roleId":1,"nickname":"超级用户23","roleName":"管理员","permissionList":["article:list","user:list","user:add","role:update","article:add","role:list","article:update","user:update","role:delete","role:add"],"userId":10003}
2020-07-16 10:56:01.907 INFO  --- [UserRealm.java:37][http-nio-8080-exec-4] - 本用户权限为:[article:list, user:list, user:add, role:update, article:add, role:list, article:update, user:update, role:delete, role:add]
2020-07-16 10:56:01.909 DEBUG --- [BaseJdbcLogger.java:159][http-nio-8080-exec-4] - ==>  Preparing: SELECT count(0) FROM article w WHERE w.delete_status = '1' 
2020-07-16 10:56:01.910 DEBUG --- [BaseJdbcLogger.java:159][http-nio-8080-exec-4] - ==> Parameters: 
2020-07-16 10:56:01.912 DEBUG --- [BaseJdbcLogger.java:159][http-nio-8080-exec-4] - <==      Total: 1
2020-07-16 10:56:01.913 DEBUG --- [BaseJdbcLogger.java:159][http-nio-8080-exec-4] - ==>  Preparing: SELECT w.id id, w.content content, date_format(w.create_time, '%Y.%m.%d %T') createTime FROM article w WHERE w.delete_status = '1' ORDER BY w.id DESC LIMIT ?, ? 
2020-07-16 10:56:01.914 DEBUG --- [BaseJdbcLogger.java:159][http-nio-8080-exec-4] - ==> Parameters: 0(Integer), 50(Integer)
2020-07-16 10:56:01.916 DEBUG --- [BaseJdbcLogger.java:159][http-nio-8080-exec-4] - <==      Total: 5
2020-07-16 10:56:14.456 INFO  --- [UserRealm.java:36][http-nio-8080-exec-2] - permission的值为:{"menuList":["role","user","article"],"roleId":1,"nickname":"超级用户23","roleName":"管理员","permissionList":["article:list","user:list","user:add","role:update","article:add","role:list","article:update","user:update","role:delete","role:add"],"userId":10003}
2020-07-16 10:56:14.456 INFO  --- [UserRealm.java:36][http-nio-8080-exec-3] - permission的值为:{"menuList":["role","user","article"],"roleId":1,"nickname":"超级用户23","roleName":"管理员","permissionList":["article:list","user:list","user:add","role:update","article:add","role:list","article:update","user:update","role:delete","role:add"],"userId":10003}
2020-07-16 10:56:14.457 INFO  --- [UserRealm.java:37][http-nio-8080-exec-2] - 本用户权限为:[article:list, user:list, user:add, role:update, article:add, role:list, article:update, user:update, role:delete, role:add]
2020-07-16 10:56:14.457 INFO  --- [UserRealm.java:37][http-nio-8080-exec-3] - 本用户权限为:[article:list, user:list, user:add, role:update, article:add, role:list, article:update, user:update, role:delete, role:add]
2020-07-16 10:56:14.458 INFO  --- [UserRealm.java:36][http-nio-8080-exec-3] - permission的值为:{"menuList":["role","user","article"],"roleId":1,"nickname":"超级用户23","roleName":"管理员","permissionList":["article:list","user:list","user:add","role:update","article:add","role:list","article:update","user:update","role:delete","role:add"],"userId":10003}
2020-07-16 10:56:14.458 INFO  --- [UserRealm.java:37][http-nio-8080-exec-3] - 本用户权限为:[article:list, user:list, user:add, role:update, article:add, role:list, article:update, user:update, role:delete, role:add]
2020-07-16 10:56:14.459 DEBUG --- [BaseJdbcLogger.java:159][http-nio-8080-exec-2] - ==>  Preparing: SELECT count(0) FROM sys_user u WHERE u.delete_status = '1' 
2020-07-16 10:56:14.460 DEBUG --- [BaseJdbcLogger.java:159][http-nio-8080-exec-2] - ==> Parameters: 
2020-07-16 10:56:14.460 DEBUG --- [BaseJdbcLogger.java:159][http-nio-8080-exec-3] - ==>  Preparing: SELECT id roleId, role_name roleName FROM sys_role WHERE delete_status='1' 
2020-07-16 10:56:14.461 DEBUG --- [BaseJdbcLogger.java:159][http-nio-8080-exec-3] - ==> Parameters: 
2020-07-16 10:56:14.461 DEBUG --- [BaseJdbcLogger.java:159][http-nio-8080-exec-2] - <==      Total: 1
2020-07-16 10:56:14.462 DEBUG --- [BaseJdbcLogger.java:159][http-nio-8080-exec-2] - ==>  Preparing: SELECT u.*, r.role_name roleName, CONCAT(p.menu_name, p.permission_name) permissionName FROM ( SELECT id userId, username username, nickname nickname, role_id roleId, delete_status deleteStatus, DATE_FORMAT(create_time, '%Y.%m.%d %T') createTime, DATE_FORMAT(update_time, '%Y.%m.%d %T') updateTime FROM sys_user WHERE delete_status = '1' ORDER BY id LIMIT ?, ? ) u LEFT JOIN sys_role r ON r.id = u.roleId LEFT JOIN sys_role_permission rp ON rp.role_id = r.id LEFT JOIN sys_permission p ON p.id = rp.permission_id ORDER BY u.userId 
2020-07-16 10:56:14.462 DEBUG --- [BaseJdbcLogger.java:159][http-nio-8080-exec-3] - <==      Total: 3
2020-07-16 10:56:14.463 DEBUG --- [BaseJdbcLogger.java:159][http-nio-8080-exec-2] - ==> Parameters: 0(Integer), 50(Integer)
2020-07-16 10:56:14.468 DEBUG --- [BaseJdbcLogger.java:159][http-nio-8080-exec-2] - <==      Total: 19
2020-07-16 14:55:32.841 DEBUG --- [BaseJdbcLogger.java:159][http-nio-8080-exec-7] - ==>  Preparing: SELECT u.id userId, u.username username, u.password password, u.nickname nickName FROM sys_user u WHERE u.username = ? AND u.password = ? AND u.delete_status = '1' 
2020-07-16 14:55:32.842 DEBUG --- [BaseJdbcLogger.java:159][http-nio-8080-exec-7] - ==> Parameters: admin(String), 123(String)
2020-07-16 14:55:32.845 DEBUG --- [BaseJdbcLogger.java:159][http-nio-8080-exec-7] - <==      Total: 0
2020-07-16 14:55:39.885 DEBUG --- [BaseJdbcLogger.java:159][http-nio-8080-exec-6] - ==>  Preparing: SELECT u.id userId, u.username username, u.password password, u.nickname nickName FROM sys_user u WHERE u.username = ? AND u.password = ? AND u.delete_status = '1' 
2020-07-16 14:55:39.887 DEBUG --- [BaseJdbcLogger.java:159][http-nio-8080-exec-6] - ==> Parameters: admin(String), 123(String)
2020-07-16 14:55:39.889 DEBUG --- [BaseJdbcLogger.java:159][http-nio-8080-exec-6] - <==      Total: 0
2020-07-16 15:14:40.496 DEBUG --- [BaseJdbcLogger.java:159][http-nio-8080-exec-8] - ==>  Preparing: SELECT u.id userId, u.username username, u.password password, u.nickname nickName FROM sys_user u WHERE u.username = ? AND u.password = ? AND u.delete_status = '1' 
2020-07-16 15:14:40.497 DEBUG --- [BaseJdbcLogger.java:159][http-nio-8080-exec-8] - ==> Parameters: admin(String), 123(String)
2020-07-16 15:14:40.500 DEBUG --- [BaseJdbcLogger.java:159][http-nio-8080-exec-8] - <==      Total: 0
2020-07-16 15:15:09.126 INFO  --- [StartupInfoLogger.java:50][restartedMain] - Starting MyApplication on Win7-2019IXFNKB with PID 6432 (started by Administrator in D:\vue课件\SpringBoot-Shiro-Vue\back)
2020-07-16 15:15:09.131 INFO  --- [SpringApplication.java:675][restartedMain] - No active profile set, falling back to default profiles: default
2020-07-16 15:15:15.407 INFO  --- [StartupInfoLogger.java:59][restartedMain] - Started MyApplication in 6.819 seconds (JVM running for 8.956)
2020-07-16 15:21:22.574 INFO  --- [HikariDataSource.java:110][http-nio-8080-exec-1] - HikariPool-1 - Starting...
2020-07-16 15:21:23.549 INFO  --- [HikariDataSource.java:123][http-nio-8080-exec-1] - HikariPool-1 - Start completed.
2020-07-16 15:21:23.667 DEBUG --- [BaseJdbcLogger.java:159][http-nio-8080-exec-1] - ==>  Preparing: SELECT u.id userId, u.username username, u.password password, u.nickname nickName FROM sys_user u WHERE u.username = ? AND u.password = ? AND u.delete_status = '1' 
2020-07-16 15:21:24.255 DEBUG --- [BaseJdbcLogger.java:159][http-nio-8080-exec-1] - ==> Parameters: admin(String), 123(String)
2020-07-16 15:21:24.749 DEBUG --- [BaseJdbcLogger.java:159][http-nio-8080-exec-1] - <==      Total: 0
2020-07-16 15:21:27.981 ERROR --- [GlobalExceptionHandler.java:43][http-nio-8080-exec-1] - 异常
org.apache.catalina.connector.ClientAbortException: java.io.IOException: 您的主机中的软件中止了一个已建立的连接。
	at org.apache.catalina.connector.OutputBuffer.doFlush(OutputBuffer.java:298)
	at org.apache.catalina.connector.OutputBuffer.flush(OutputBuffer.java:261)
	at org.apache.catalina.connector.CoyoteOutputStream.flush(CoyoteOutputStream.java:118)
	at com.fasterxml.jackson.core.json.UTF8JsonGenerator.flush(UTF8JsonGenerator.java:1100)
	at com.fasterxml.jackson.databind.ObjectWriter.writeValue(ObjectWriter.java:915)
	at org.springframework.http.converter.json.AbstractJackson2HttpMessageConverter.writeInternal(AbstractJackson2HttpMessageConverter.java:287)
	at org.springframework.http.converter.AbstractGenericHttpMessageConverter.write(AbstractGenericHttpMessageConverter.java:103)
	at org.springframework.web.servlet.mvc.method.annotation.AbstractMessageConverterMethodProcessor.writeWithMessageConverters(AbstractMessageConverterMethodProcessor.java:289)
	at org.springframework.web.servlet.mvc.method.annotation.RequestResponseBodyMethodProcessor.handleReturnValue(RequestResponseBodyMethodProcessor.java:180)
	at org.springframework.web.method.support.HandlerMethodReturnValueHandlerComposite.handleReturnValue(HandlerMethodReturnValueHandlerComposite.java:82)
	at org.springframework.web.servlet.mvc.method.annotation.ServletInvocableHandlerMethod.invokeAndHandle(ServletInvocableHandlerMethod.java:119)
	at org.springframework.web.servlet.mvc.method.annotation.RequestMappingHandlerAdapter.invokeHandlerMethod(RequestMappingHandlerAdapter.java:895)
	at org.springframework.web.servlet.mvc.method.annotation.RequestMappingHandlerAdapter.handleInternal(RequestMappingHandlerAdapter.java:800)
	at org.springframework.web.servlet.mvc.method.AbstractHandlerMethodAdapter.handle(AbstractHandlerMethodAdapter.java:87)
	at org.springframework.web.servlet.DispatcherServlet.doDispatch(DispatcherServlet.java:1038)
	at org.springframework.web.servlet.DispatcherServlet.doService(DispatcherServlet.java:942)
	at org.springframework.web.servlet.FrameworkServlet.processRequest(FrameworkServlet.java:998)
	at org.springframework.web.servlet.FrameworkServlet.doPost(FrameworkServlet.java:901)
	at javax.servlet.http.HttpServlet.service(HttpServlet.java:660)
	at org.springframework.web.servlet.FrameworkServlet.service(FrameworkServlet.java:875)
	at javax.servlet.http.HttpServlet.service(HttpServlet.java:741)
	at org.apache.catalina.core.ApplicationFilterChain.internalDoFilter(ApplicationFilterChain.java:231)
	at org.apache.catalina.core.ApplicationFilterChain.doFilter(ApplicationFilterChain.java:166)
	at org.apache.tomcat.websocket.server.WsFilter.doFilter(WsFilter.java:53)
	at org.apache.catalina.core.ApplicationFilterChain.internalDoFilter(ApplicationFilterChain.java:193)
	at org.apache.catalina.core.ApplicationFilterChain.doFilter(ApplicationFilterChain.java:166)
	at org.apache.shiro.web.servlet.ProxiedFilterChain.doFilter(ProxiedFilterChain.java:61)
	at org.apache.shiro.web.servlet.AdviceFilter.executeChain(AdviceFilter.java:108)
	at org.apache.shiro.web.servlet.AdviceFilter.doFilterInternal(AdviceFilter.java:137)
	at org.apache.shiro.web.servlet.OncePerRequestFilter.doFilter(OncePerRequestFilter.java:125)
	at org.apache.shiro.web.servlet.ProxiedFilterChain.doFilter(ProxiedFilterChain.java:66)
	at org.apache.shiro.web.servlet.AbstractShiroFilter.executeChain(AbstractShiroFilter.java:449)
	at org.apache.shiro.web.servlet.AbstractShiroFilter$1.call(AbstractShiroFilter.java:365)
	at org.apache.shiro.subject.support.SubjectCallable.doCall(SubjectCallable.java:90)
	at org.apache.shiro.subject.support.SubjectCallable.call(SubjectCallable.java:83)
	at org.apache.shiro.subject.support.DelegatingSubject.execute(DelegatingSubject.java:387)
	at org.apache.shiro.web.servlet.AbstractShiroFilter.doFilterInternal(AbstractShiroFilter.java:362)
	at org.apache.shiro.web.servlet.OncePerRequestFilter.doFilter(OncePerRequestFilter.java:125)
	at org.apache.catalina.core.ApplicationFilterChain.internalDoFilter(ApplicationFilterChain.java:193)
	at org.apache.catalina.core.ApplicationFilterChain.doFilter(ApplicationFilterChain.java:166)
	at org.springframework.web.filter.RequestContextFilter.doFilterInternal(RequestContextFilter.java:99)
	at org.springframework.web.filter.OncePerRequestFilter.doFilter(OncePerRequestFilter.java:107)
	at org.apache.catalina.core.ApplicationFilterChain.internalDoFilter(ApplicationFilterChain.java:193)
	at org.apache.catalina.core.ApplicationFilterChain.doFilter(ApplicationFilterChain.java:166)
	at org.springframework.web.filter.FormContentFilter.doFilterInternal(FormContentFilter.java:92)
	at org.springframework.web.filter.OncePerRequestFilter.doFilter(OncePerRequestFilter.java:107)
	at org.apache.catalina.core.ApplicationFilterChain.internalDoFilter(ApplicationFilterChain.java:193)
	at org.apache.catalina.core.ApplicationFilterChain.doFilter(ApplicationFilterChain.java:166)
	at org.springframework.web.filter.HiddenHttpMethodFilter.doFilterInternal(HiddenHttpMethodFilter.java:93)
	at org.springframework.web.filter.OncePerRequestFilter.doFilter(OncePerRequestFilter.java:107)
	at org.apache.catalina.core.ApplicationFilterChain.internalDoFilter(ApplicationFilterChain.java:193)
	at org.apache.catalina.core.ApplicationFilterChain.doFilter(ApplicationFilterChain.java:166)
	at org.springframework.web.filter.CharacterEncodingFilter.doFilterInternal(CharacterEncodingFilter.java:200)
	at org.springframework.web.filter.OncePerRequestFilter.doFilter(OncePerRequestFilter.java:107)
	at org.apache.catalina.core.ApplicationFilterChain.internalDoFilter(ApplicationFilterChain.java:193)
	at org.apache.catalina.core.ApplicationFilterChain.doFilter(ApplicationFilterChain.java:166)
	at org.apache.catalina.core.StandardWrapperValve.invoke(StandardWrapperValve.java:199)
	at org.apache.catalina.core.StandardContextValve.invoke(StandardContextValve.java:96)
	at org.apache.catalina.authenticator.AuthenticatorBase.invoke(AuthenticatorBase.java:490)
	at org.apache.catalina.core.StandardHostValve.invoke(StandardHostValve.java:139)
	at org.apache.catalina.valves.ErrorReportValve.invoke(ErrorReportValve.java:92)
	at org.apache.catalina.core.StandardEngineValve.invoke(StandardEngineValve.java:74)
	at org.apache.catalina.connector.CoyoteAdapter.service(CoyoteAdapter.java:343)
	at org.apache.coyote.http11.Http11Processor.service(Http11Processor.java:408)
	at org.apache.coyote.AbstractProcessorLight.process(AbstractProcessorLight.java:66)
	at org.apache.coyote.AbstractProtocol$ConnectionHandler.process(AbstractProtocol.java:770)
	at org.apache.tomcat.util.net.NioEndpoint$SocketProcessor.doRun(NioEndpoint.java:1415)
	at org.apache.tomcat.util.net.SocketProcessorBase.run(SocketProcessorBase.java:49)
	at java.util.concurrent.ThreadPoolExecutor.runWorker(ThreadPoolExecutor.java:1149)
	at java.util.concurrent.ThreadPoolExecutor$Worker.run(ThreadPoolExecutor.java:624)
	at org.apache.tomcat.util.threads.TaskThread$WrappingRunnable.run(TaskThread.java:61)
	at java.lang.Thread.run(Thread.java:748)
Caused by: java.io.IOException: 您的主机中的软件中止了一个已建立的连接。
	at sun.nio.ch.SocketDispatcher.write0(Native Method)
	at sun.nio.ch.SocketDispatcher.write(SocketDispatcher.java:51)
	at sun.nio.ch.IOUtil.writeFromNativeBuffer(IOUtil.java:93)
	at sun.nio.ch.IOUtil.write(IOUtil.java:65)
	at sun.nio.ch.SocketChannelImpl.write(SocketChannelImpl.java:471)
	at org.apache.tomcat.util.net.NioChannel.write(NioChannel.java:134)
	at org.apache.tomcat.util.net.NioBlockingSelector.write(NioBlockingSelector.java:101)
	at org.apache.tomcat.util.net.NioSelectorPool.write(NioSelectorPool.java:157)
	at org.apache.tomcat.util.net.NioEndpoint$NioSocketWrapper.doWrite(NioEndpoint.java:1223)
	at org.apache.tomcat.util.net.SocketWrapperBase.doWrite(SocketWrapperBase.java:743)
	at org.apache.tomcat.util.net.SocketWrapperBase.flushBlocking(SocketWrapperBase.java:696)
	at org.apache.tomcat.util.net.SocketWrapperBase.flush(SocketWrapperBase.java:686)
	at org.apache.coyote.http11.Http11OutputBuffer$SocketOutputBuffer.flush(Http11OutputBuffer.java:553)
	at org.apache.coyote.http11.filters.ChunkedOutputFilter.flush(ChunkedOutputFilter.java:157)
	at org.apache.coyote.http11.Http11OutputBuffer.flush(Http11OutputBuffer.java:216)
	at org.apache.coyote.http11.Http11Processor.flush(Http11Processor.java:1147)
	at org.apache.coyote.AbstractProcessor.action(AbstractProcessor.java:376)
	at org.apache.coyote.Response.action(Response.java:209)
	at org.apache.catalina.connector.OutputBuffer.doFlush(OutputBuffer.java:294)
	... 71 common frames omitted
2020-07-16 15:21:27.984 WARN  --- [ExceptionHandlerExceptionResolver.java:419][http-nio-8080-exec-1] - Failure in @ExceptionHandler public com.alibaba.fastjson.JSONObject com.heeexy.example.config.exception.GlobalExceptionHandler.defaultErrorHandler(javax.servlet.http.HttpServletRequest,java.lang.Exception)
org.apache.catalina.connector.ClientAbortException: java.io.IOException: 您的主机中的软件中止了一个已建立的连接。
	at org.apache.catalina.connector.OutputBuffer.doFlush(OutputBuffer.java:298)
	at org.apache.catalina.connector.OutputBuffer.flush(OutputBuffer.java:261)
	at org.apache.catalina.connector.CoyoteOutputStream.flush(CoyoteOutputStream.java:118)
	at com.fasterxml.jackson.core.json.UTF8JsonGenerator.flush(UTF8JsonGenerator.java:1100)
	at com.fasterxml.jackson.databind.ObjectWriter.writeValue(ObjectWriter.java:915)
	at org.springframework.http.converter.json.AbstractJackson2HttpMessageConverter.writeInternal(AbstractJackson2HttpMessageConverter.java:287)
	at org.springframework.http.converter.AbstractGenericHttpMessageConverter.write(AbstractGenericHttpMessageConverter.java:103)
	at org.springframework.web.servlet.mvc.method.annotation.AbstractMessageConverterMethodProcessor.writeWithMessageConverters(AbstractMessageConverterMethodProcessor.java:289)
	at org.springframework.web.servlet.mvc.method.annotation.RequestResponseBodyMethodProcessor.handleReturnValue(RequestResponseBodyMethodProcessor.java:180)
	at org.springframework.web.method.support.HandlerMethodReturnValueHandlerComposite.handleReturnValue(HandlerMethodReturnValueHandlerComposite.java:82)
	at org.springframework.web.servlet.mvc.method.annotation.ServletInvocableHandlerMethod.invokeAndHandle(ServletInvocableHandlerMethod.java:119)
	at org.springframework.web.servlet.mvc.method.annotation.ExceptionHandlerExceptionResolver.doResolveHandlerMethodException(ExceptionHandlerExceptionResolver.java:408)
	at org.springframework.web.servlet.handler.AbstractHandlerMethodExceptionResolver.doResolveException(AbstractHandlerMethodExceptionResolver.java:61)
	at org.springframework.web.servlet.handler.AbstractHandlerExceptionResolver.resolveException(AbstractHandlerExceptionResolver.java:136)
	at org.springframework.web.servlet.handler.HandlerExceptionResolverComposite.resolveException(HandlerExceptionResolverComposite.java:80)
	at org.springframework.web.servlet.DispatcherServlet.processHandlerException(DispatcherServlet.java:1297)
	at org.springframework.web.servlet.DispatcherServlet.processDispatchResult(DispatcherServlet.java:1109)
	at org.springframework.web.servlet.DispatcherServlet.doDispatch(DispatcherServlet.java:1055)
	at org.springframework.web.servlet.DispatcherServlet.doService(DispatcherServlet.java:942)
	at org.springframework.web.servlet.FrameworkServlet.processRequest(FrameworkServlet.java:998)
	at org.springframework.web.servlet.FrameworkServlet.doPost(FrameworkServlet.java:901)
	at javax.servlet.http.HttpServlet.service(HttpServlet.java:660)
	at org.springframework.web.servlet.FrameworkServlet.service(FrameworkServlet.java:875)
	at javax.servlet.http.HttpServlet.service(HttpServlet.java:741)
	at org.apache.catalina.core.ApplicationFilterChain.internalDoFilter(ApplicationFilterChain.java:231)
	at org.apache.catalina.core.ApplicationFilterChain.doFilter(ApplicationFilterChain.java:166)
	at org.apache.tomcat.websocket.server.WsFilter.doFilter(WsFilter.java:53)
	at org.apache.catalina.core.ApplicationFilterChain.internalDoFilter(ApplicationFilterChain.java:193)
	at org.apache.catalina.core.ApplicationFilterChain.doFilter(ApplicationFilterChain.java:166)
	at org.apache.shiro.web.servlet.ProxiedFilterChain.doFilter(ProxiedFilterChain.java:61)
	at org.apache.shiro.web.servlet.AdviceFilter.executeChain(AdviceFilter.java:108)
	at org.apache.shiro.web.servlet.AdviceFilter.doFilterInternal(AdviceFilter.java:137)
	at org.apache.shiro.web.servlet.OncePerRequestFilter.doFilter(OncePerRequestFilter.java:125)
	at org.apache.shiro.web.servlet.ProxiedFilterChain.doFilter(ProxiedFilterChain.java:66)
	at org.apache.shiro.web.servlet.AbstractShiroFilter.executeChain(AbstractShiroFilter.java:449)
	at org.apache.shiro.web.servlet.AbstractShiroFilter$1.call(AbstractShiroFilter.java:365)
	at org.apache.shiro.subject.support.SubjectCallable.doCall(SubjectCallable.java:90)
	at org.apache.shiro.subject.support.SubjectCallable.call(SubjectCallable.java:83)
	at org.apache.shiro.subject.support.DelegatingSubject.execute(DelegatingSubject.java:387)
	at org.apache.shiro.web.servlet.AbstractShiroFilter.doFilterInternal(AbstractShiroFilter.java:362)
	at org.apache.shiro.web.servlet.OncePerRequestFilter.doFilter(OncePerRequestFilter.java:125)
	at org.apache.catalina.core.ApplicationFilterChain.internalDoFilter(ApplicationFilterChain.java:193)
	at org.apache.catalina.core.ApplicationFilterChain.doFilter(ApplicationFilterChain.java:166)
	at org.springframework.web.filter.RequestContextFilter.doFilterInternal(RequestContextFilter.java:99)
	at org.springframework.web.filter.OncePerRequestFilter.doFilter(OncePerRequestFilter.java:107)
	at org.apache.catalina.core.ApplicationFilterChain.internalDoFilter(ApplicationFilterChain.java:193)
	at org.apache.catalina.core.ApplicationFilterChain.doFilter(ApplicationFilterChain.java:166)
	at org.springframework.web.filter.FormContentFilter.doFilterInternal(FormContentFilter.java:92)
	at org.springframework.web.filter.OncePerRequestFilter.doFilter(OncePerRequestFilter.java:107)
	at org.apache.catalina.core.ApplicationFilterChain.internalDoFilter(ApplicationFilterChain.java:193)
	at org.apache.catalina.core.ApplicationFilterChain.doFilter(ApplicationFilterChain.java:166)
	at org.springframework.web.filter.HiddenHttpMethodFilter.doFilterInternal(HiddenHttpMethodFilter.java:93)
	at org.springframework.web.filter.OncePerRequestFilter.doFilter(OncePerRequestFilter.java:107)
	at org.apache.catalina.core.ApplicationFilterChain.internalDoFilter(ApplicationFilterChain.java:193)
	at org.apache.catalina.core.ApplicationFilterChain.doFilter(ApplicationFilterChain.java:166)
	at org.springframework.web.filter.CharacterEncodingFilter.doFilterInternal(CharacterEncodingFilter.java:200)
	at org.springframework.web.filter.OncePerRequestFilter.doFilter(OncePerRequestFilter.java:107)
	at org.apache.catalina.core.ApplicationFilterChain.internalDoFilter(ApplicationFilterChain.java:193)
	at org.apache.catalina.core.ApplicationFilterChain.doFilter(ApplicationFilterChain.java:166)
	at org.apache.catalina.core.StandardWrapperValve.invoke(StandardWrapperValve.java:199)
	at org.apache.catalina.core.StandardContextValve.invoke(StandardContextValve.java:96)
	at org.apache.catalina.authenticator.AuthenticatorBase.invoke(AuthenticatorBase.java:490)
	at org.apache.catalina.core.StandardHostValve.invoke(StandardHostValve.java:139)
	at org.apache.catalina.valves.ErrorReportValve.invoke(ErrorReportValve.java:92)
	at org.apache.catalina.core.StandardEngineValve.invoke(StandardEngineValve.java:74)
	at org.apache.catalina.connector.CoyoteAdapter.service(CoyoteAdapter.java:343)
	at org.apache.coyote.http11.Http11Processor.service(Http11Processor.java:408)
	at org.apache.coyote.AbstractProcessorLight.process(AbstractProcessorLight.java:66)
	at org.apache.coyote.AbstractProtocol$ConnectionHandler.process(AbstractProtocol.java:770)
	at org.apache.tomcat.util.net.NioEndpoint$SocketProcessor.doRun(NioEndpoint.java:1415)
	at org.apache.tomcat.util.net.SocketProcessorBase.run(SocketProcessorBase.java:49)
	at java.util.concurrent.ThreadPoolExecutor.runWorker(ThreadPoolExecutor.java:1149)
	at java.util.concurrent.ThreadPoolExecutor$Worker.run(ThreadPoolExecutor.java:624)
	at org.apache.tomcat.util.threads.TaskThread$WrappingRunnable.run(TaskThread.java:61)
	at java.lang.Thread.run(Thread.java:748)
Caused by: java.io.IOException: 您的主机中的软件中止了一个已建立的连接。
	at sun.nio.ch.SocketDispatcher.write0(Native Method)
	at sun.nio.ch.SocketDispatcher.write(SocketDispatcher.java:51)
	at sun.nio.ch.IOUtil.writeFromNativeBuffer(IOUtil.java:93)
	at sun.nio.ch.IOUtil.write(IOUtil.java:65)
	at sun.nio.ch.SocketChannelImpl.write(SocketChannelImpl.java:471)
	at org.apache.tomcat.util.net.NioChannel.write(NioChannel.java:134)
	at org.apache.tomcat.util.net.NioBlockingSelector.write(NioBlockingSelector.java:101)
	at org.apache.tomcat.util.net.NioSelectorPool.write(NioSelectorPool.java:157)
	at org.apache.tomcat.util.net.NioEndpoint$NioSocketWrapper.doWrite(NioEndpoint.java:1223)
	at org.apache.tomcat.util.net.SocketWrapperBase.doWrite(SocketWrapperBase.java:743)
	at org.apache.tomcat.util.net.SocketWrapperBase.flushBlocking(SocketWrapperBase.java:696)
	at org.apache.tomcat.util.net.SocketWrapperBase.flush(SocketWrapperBase.java:686)
	at org.apache.coyote.http11.Http11OutputBuffer$SocketOutputBuffer.flush(Http11OutputBuffer.java:553)
	at org.apache.coyote.http11.filters.ChunkedOutputFilter.flush(ChunkedOutputFilter.java:157)
	at org.apache.coyote.http11.Http11OutputBuffer.flush(Http11OutputBuffer.java:216)
	at org.apache.coyote.http11.Http11Processor.flush(Http11Processor.java:1147)
	at org.apache.coyote.AbstractProcessor.action(AbstractProcessor.java:376)
	at org.apache.coyote.Response.action(Response.java:209)
	at org.apache.catalina.connector.OutputBuffer.doFlush(OutputBuffer.java:294)
	... 74 common frames omitted
2020-07-16 15:46:49.919 WARN  --- [HikariPool.java:766][HikariPool-1 housekeeper] - HikariPool-1 - Thread starvation or clock leap detected (housekeeper delta=56s232ms143µs151ns).
2020-07-16 15:47:26.316 DEBUG --- [BaseJdbcLogger.java:159][http-nio-8080-exec-2] - ==>  Preparing: SELECT u.id userId, u.username username, u.password password, u.nickname nickName FROM sys_user u WHERE u.username = ? AND u.password = ? AND u.delete_status = '1' 
2020-07-16 15:47:26.322 DEBUG --- [BaseJdbcLogger.java:159][http-nio-8080-exec-2] - ==> Parameters: admin(String), 123(String)
2020-07-16 15:47:26.329 DEBUG --- [BaseJdbcLogger.java:159][http-nio-8080-exec-2] - <==      Total: 0
2020-07-16 15:48:19.928 WARN  --- [HikariPool.java:766][HikariPool-1 housekeeper] - HikariPool-1 - Thread starvation or clock leap detected (housekeeper delta=53s616ms146µs496ns).
2020-07-16 15:50:16.334 WARN  --- [HikariPool.java:766][HikariPool-1 housekeeper] - HikariPool-1 - Thread starvation or clock leap detected (housekeeper delta=1m56s403ms949µs259ns).
2020-07-16 15:50:31.204 ERROR --- [GlobalExceptionHandler.java:43][http-nio-8080-exec-2] - 异常
org.apache.catalina.connector.ClientAbortException: java.io.IOException: 您的主机中的软件中止了一个已建立的连接。
	at org.apache.catalina.connector.OutputBuffer.doFlush(OutputBuffer.java:298)
	at org.apache.catalina.connector.OutputBuffer.flush(OutputBuffer.java:261)
	at org.apache.catalina.connector.CoyoteOutputStream.flush(CoyoteOutputStream.java:118)
	at com.fasterxml.jackson.core.json.UTF8JsonGenerator.flush(UTF8JsonGenerator.java:1100)
	at com.fasterxml.jackson.databind.ObjectWriter.writeValue(ObjectWriter.java:915)
	at org.springframework.http.converter.json.AbstractJackson2HttpMessageConverter.writeInternal(AbstractJackson2HttpMessageConverter.java:287)
	at org.springframework.http.converter.AbstractGenericHttpMessageConverter.write(AbstractGenericHttpMessageConverter.java:103)
	at org.springframework.web.servlet.mvc.method.annotation.AbstractMessageConverterMethodProcessor.writeWithMessageConverters(AbstractMessageConverterMethodProcessor.java:289)
	at org.springframework.web.servlet.mvc.method.annotation.RequestResponseBodyMethodProcessor.handleReturnValue(RequestResponseBodyMethodProcessor.java:180)
	at org.springframework.web.method.support.HandlerMethodReturnValueHandlerComposite.handleReturnValue(HandlerMethodReturnValueHandlerComposite.java:82)
	at org.springframework.web.servlet.mvc.method.annotation.ServletInvocableHandlerMethod.invokeAndHandle(ServletInvocableHandlerMethod.java:119)
	at org.springframework.web.servlet.mvc.method.annotation.RequestMappingHandlerAdapter.invokeHandlerMethod(RequestMappingHandlerAdapter.java:895)
	at org.springframework.web.servlet.mvc.method.annotation.RequestMappingHandlerAdapter.handleInternal(RequestMappingHandlerAdapter.java:800)
	at org.springframework.web.servlet.mvc.method.AbstractHandlerMethodAdapter.handle(AbstractHandlerMethodAdapter.java:87)
	at org.springframework.web.servlet.DispatcherServlet.doDispatch(DispatcherServlet.java:1038)
	at org.springframework.web.servlet.DispatcherServlet.doService(DispatcherServlet.java:942)
	at org.springframework.web.servlet.FrameworkServlet.processRequest(FrameworkServlet.java:998)
	at org.springframework.web.servlet.FrameworkServlet.doPost(FrameworkServlet.java:901)
	at javax.servlet.http.HttpServlet.service(HttpServlet.java:660)
	at org.springframework.web.servlet.FrameworkServlet.service(FrameworkServlet.java:875)
	at javax.servlet.http.HttpServlet.service(HttpServlet.java:741)
	at org.apache.catalina.core.ApplicationFilterChain.internalDoFilter(ApplicationFilterChain.java:231)
	at org.apache.catalina.core.ApplicationFilterChain.doFilter(ApplicationFilterChain.java:166)
	at org.apache.tomcat.websocket.server.WsFilter.doFilter(WsFilter.java:53)
	at org.apache.catalina.core.ApplicationFilterChain.internalDoFilter(ApplicationFilterChain.java:193)
	at org.apache.catalina.core.ApplicationFilterChain.doFilter(ApplicationFilterChain.java:166)
	at org.apache.shiro.web.servlet.ProxiedFilterChain.doFilter(ProxiedFilterChain.java:61)
	at org.apache.shiro.web.servlet.AdviceFilter.executeChain(AdviceFilter.java:108)
	at org.apache.shiro.web.servlet.AdviceFilter.doFilterInternal(AdviceFilter.java:137)
	at org.apache.shiro.web.servlet.OncePerRequestFilter.doFilter(OncePerRequestFilter.java:125)
	at org.apache.shiro.web.servlet.ProxiedFilterChain.doFilter(ProxiedFilterChain.java:66)
	at org.apache.shiro.web.servlet.AbstractShiroFilter.executeChain(AbstractShiroFilter.java:449)
	at org.apache.shiro.web.servlet.AbstractShiroFilter$1.call(AbstractShiroFilter.java:365)
	at org.apache.shiro.subject.support.SubjectCallable.doCall(SubjectCallable.java:90)
	at org.apache.shiro.subject.support.SubjectCallable.call(SubjectCallable.java:83)
	at org.apache.shiro.subject.support.DelegatingSubject.execute(DelegatingSubject.java:387)
	at org.apache.shiro.web.servlet.AbstractShiroFilter.doFilterInternal(AbstractShiroFilter.java:362)
	at org.apache.shiro.web.servlet.OncePerRequestFilter.doFilter(OncePerRequestFilter.java:125)
	at org.apache.catalina.core.ApplicationFilterChain.internalDoFilter(ApplicationFilterChain.java:193)
	at org.apache.catalina.core.ApplicationFilterChain.doFilter(ApplicationFilterChain.java:166)
	at org.springframework.web.filter.RequestContextFilter.doFilterInternal(RequestContextFilter.java:99)
	at org.springframework.web.filter.OncePerRequestFilter.doFilter(OncePerRequestFilter.java:107)
	at org.apache.catalina.core.ApplicationFilterChain.internalDoFilter(ApplicationFilterChain.java:193)
	at org.apache.catalina.core.ApplicationFilterChain.doFilter(ApplicationFilterChain.java:166)
	at org.springframework.web.filter.FormContentFilter.doFilterInternal(FormContentFilter.java:92)
	at org.springframework.web.filter.OncePerRequestFilter.doFilter(OncePerRequestFilter.java:107)
	at org.apache.catalina.core.ApplicationFilterChain.internalDoFilter(ApplicationFilterChain.java:193)
	at org.apache.catalina.core.ApplicationFilterChain.doFilter(ApplicationFilterChain.java:166)
	at org.springframework.web.filter.HiddenHttpMethodFilter.doFilterInternal(HiddenHttpMethodFilter.java:93)
	at org.springframework.web.filter.OncePerRequestFilter.doFilter(OncePerRequestFilter.java:107)
	at org.apache.catalina.core.ApplicationFilterChain.internalDoFilter(ApplicationFilterChain.java:193)
	at org.apache.catalina.core.ApplicationFilterChain.doFilter(ApplicationFilterChain.java:166)
	at org.springframework.web.filter.CharacterEncodingFilter.doFilterInternal(CharacterEncodingFilter.java:200)
	at org.springframework.web.filter.OncePerRequestFilter.doFilter(OncePerRequestFilter.java:107)
	at org.apache.catalina.core.ApplicationFilterChain.internalDoFilter(ApplicationFilterChain.java:193)
	at org.apache.catalina.core.ApplicationFilterChain.doFilter(ApplicationFilterChain.java:166)
	at org.apache.catalina.core.StandardWrapperValve.invoke(StandardWrapperValve.java:199)
	at org.apache.catalina.core.StandardContextValve.invoke(StandardContextValve.java:96)
	at org.apache.catalina.authenticator.AuthenticatorBase.invoke(AuthenticatorBase.java:490)
	at org.apache.catalina.core.StandardHostValve.invoke(StandardHostValve.java:139)
	at org.apache.catalina.valves.ErrorReportValve.invoke(ErrorReportValve.java:92)
	at org.apache.catalina.core.StandardEngineValve.invoke(StandardEngineValve.java:74)
	at org.apache.catalina.connector.CoyoteAdapter.service(CoyoteAdapter.java:343)
	at org.apache.coyote.http11.Http11Processor.service(Http11Processor.java:408)
	at org.apache.coyote.AbstractProcessorLight.process(AbstractProcessorLight.java:66)
	at org.apache.coyote.AbstractProtocol$ConnectionHandler.process(AbstractProtocol.java:770)
	at org.apache.tomcat.util.net.NioEndpoint$SocketProcessor.doRun(NioEndpoint.java:1415)
	at org.apache.tomcat.util.net.SocketProcessorBase.run(SocketProcessorBase.java:49)
	at java.util.concurrent.ThreadPoolExecutor.runWorker(ThreadPoolExecutor.java:1149)
	at java.util.concurrent.ThreadPoolExecutor$Worker.run(ThreadPoolExecutor.java:624)
	at org.apache.tomcat.util.threads.TaskThread$WrappingRunnable.run(TaskThread.java:61)
	at java.lang.Thread.run(Thread.java:748)
Caused by: java.io.IOException: 您的主机中的软件中止了一个已建立的连接。
	at sun.nio.ch.SocketDispatcher.write0(Native Method)
	at sun.nio.ch.SocketDispatcher.write(SocketDispatcher.java:51)
	at sun.nio.ch.IOUtil.writeFromNativeBuffer(IOUtil.java:93)
	at sun.nio.ch.IOUtil.write(IOUtil.java:65)
	at sun.nio.ch.SocketChannelImpl.write(SocketChannelImpl.java:471)
	at org.apache.tomcat.util.net.NioChannel.write(NioChannel.java:134)
	at org.apache.tomcat.util.net.NioBlockingSelector.write(NioBlockingSelector.java:101)
	at org.apache.tomcat.util.net.NioSelectorPool.write(NioSelectorPool.java:157)
	at org.apache.tomcat.util.net.NioEndpoint$NioSocketWrapper.doWrite(NioEndpoint.java:1223)
	at org.apache.tomcat.util.net.SocketWrapperBase.doWrite(SocketWrapperBase.java:743)
	at org.apache.tomcat.util.net.SocketWrapperBase.flushBlocking(SocketWrapperBase.java:696)
	at org.apache.tomcat.util.net.SocketWrapperBase.flush(SocketWrapperBase.java:686)
	at org.apache.coyote.http11.Http11OutputBuffer$SocketOutputBuffer.flush(Http11OutputBuffer.java:553)
	at org.apache.coyote.http11.filters.ChunkedOutputFilter.flush(ChunkedOutputFilter.java:157)
	at org.apache.coyote.http11.Http11OutputBuffer.flush(Http11OutputBuffer.java:216)
	at org.apache.coyote.http11.Http11Processor.flush(Http11Processor.java:1147)
	at org.apache.coyote.AbstractProcessor.action(AbstractProcessor.java:376)
	at org.apache.coyote.Response.action(Response.java:209)
	at org.apache.catalina.connector.OutputBuffer.doFlush(OutputBuffer.java:294)
	... 71 common frames omitted
2020-07-16 15:50:31.221 WARN  --- [ExceptionHandlerExceptionResolver.java:419][http-nio-8080-exec-2] - Failure in @ExceptionHandler public com.alibaba.fastjson.JSONObject com.heeexy.example.config.exception.GlobalExceptionHandler.defaultErrorHandler(javax.servlet.http.HttpServletRequest,java.lang.Exception)
org.apache.catalina.connector.ClientAbortException: java.io.IOException: 您的主机中的软件中止了一个已建立的连接。
	at org.apache.catalina.connector.OutputBuffer.doFlush(OutputBuffer.java:298)
	at org.apache.catalina.connector.OutputBuffer.flush(OutputBuffer.java:261)
	at org.apache.catalina.connector.CoyoteOutputStream.flush(CoyoteOutputStream.java:118)
	at com.fasterxml.jackson.core.json.UTF8JsonGenerator.flush(UTF8JsonGenerator.java:1100)
	at com.fasterxml.jackson.databind.ObjectWriter.writeValue(ObjectWriter.java:915)
	at org.springframework.http.converter.json.AbstractJackson2HttpMessageConverter.writeInternal(AbstractJackson2HttpMessageConverter.java:287)
	at org.springframework.http.converter.AbstractGenericHttpMessageConverter.write(AbstractGenericHttpMessageConverter.java:103)
	at org.springframework.web.servlet.mvc.method.annotation.AbstractMessageConverterMethodProcessor.writeWithMessageConverters(AbstractMessageConverterMethodProcessor.java:289)
	at org.springframework.web.servlet.mvc.method.annotation.RequestResponseBodyMethodProcessor.handleReturnValue(RequestResponseBodyMethodProcessor.java:180)
	at org.springframework.web.method.support.HandlerMethodReturnValueHandlerComposite.handleReturnValue(HandlerMethodReturnValueHandlerComposite.java:82)
	at org.springframework.web.servlet.mvc.method.annotation.ServletInvocableHandlerMethod.invokeAndHandle(ServletInvocableHandlerMethod.java:119)
	at org.springframework.web.servlet.mvc.method.annotation.ExceptionHandlerExceptionResolver.doResolveHandlerMethodException(ExceptionHandlerExceptionResolver.java:408)
	at org.springframework.web.servlet.handler.AbstractHandlerMethodExceptionResolver.doResolveException(AbstractHandlerMethodExceptionResolver.java:61)
	at org.springframework.web.servlet.handler.AbstractHandlerExceptionResolver.resolveException(AbstractHandlerExceptionResolver.java:136)
	at org.springframework.web.servlet.handler.HandlerExceptionResolverComposite.resolveException(HandlerExceptionResolverComposite.java:80)
	at org.springframework.web.servlet.DispatcherServlet.processHandlerException(DispatcherServlet.java:1297)
	at org.springframework.web.servlet.DispatcherServlet.processDispatchResult(DispatcherServlet.java:1109)
	at org.springframework.web.servlet.DispatcherServlet.doDispatch(DispatcherServlet.java:1055)
	at org.springframework.web.servlet.DispatcherServlet.doService(DispatcherServlet.java:942)
	at org.springframework.web.servlet.FrameworkServlet.processRequest(FrameworkServlet.java:998)
	at org.springframework.web.servlet.FrameworkServlet.doPost(FrameworkServlet.java:901)
	at javax.servlet.http.HttpServlet.service(HttpServlet.java:660)
	at org.springframework.web.servlet.FrameworkServlet.service(FrameworkServlet.java:875)
	at javax.servlet.http.HttpServlet.service(HttpServlet.java:741)
	at org.apache.catalina.core.ApplicationFilterChain.internalDoFilter(ApplicationFilterChain.java:231)
	at org.apache.catalina.core.ApplicationFilterChain.doFilter(ApplicationFilterChain.java:166)
	at org.apache.tomcat.websocket.server.WsFilter.doFilter(WsFilter.java:53)
	at org.apache.catalina.core.ApplicationFilterChain.internalDoFilter(ApplicationFilterChain.java:193)
	at org.apache.catalina.core.ApplicationFilterChain.doFilter(ApplicationFilterChain.java:166)
	at org.apache.shiro.web.servlet.ProxiedFilterChain.doFilter(ProxiedFilterChain.java:61)
	at org.apache.shiro.web.servlet.AdviceFilter.executeChain(AdviceFilter.java:108)
	at org.apache.shiro.web.servlet.AdviceFilter.doFilterInternal(AdviceFilter.java:137)
	at org.apache.shiro.web.servlet.OncePerRequestFilter.doFilter(OncePerRequestFilter.java:125)
	at org.apache.shiro.web.servlet.ProxiedFilterChain.doFilter(ProxiedFilterChain.java:66)
	at org.apache.shiro.web.servlet.AbstractShiroFilter.executeChain(AbstractShiroFilter.java:449)
	at org.apache.shiro.web.servlet.AbstractShiroFilter$1.call(AbstractShiroFilter.java:365)
	at org.apache.shiro.subject.support.SubjectCallable.doCall(SubjectCallable.java:90)
	at org.apache.shiro.subject.support.SubjectCallable.call(SubjectCallable.java:83)
	at org.apache.shiro.subject.support.DelegatingSubject.execute(DelegatingSubject.java:387)
	at org.apache.shiro.web.servlet.AbstractShiroFilter.doFilterInternal(AbstractShiroFilter.java:362)
	at org.apache.shiro.web.servlet.OncePerRequestFilter.doFilter(OncePerRequestFilter.java:125)
	at org.apache.catalina.core.ApplicationFilterChain.internalDoFilter(ApplicationFilterChain.java:193)
	at org.apache.catalina.core.ApplicationFilterChain.doFilter(ApplicationFilterChain.java:166)
	at org.springframework.web.filter.RequestContextFilter.doFilterInternal(RequestContextFilter.java:99)
	at org.springframework.web.filter.OncePerRequestFilter.doFilter(OncePerRequestFilter.java:107)
	at org.apache.catalina.core.ApplicationFilterChain.internalDoFilter(ApplicationFilterChain.java:193)
	at org.apache.catalina.core.ApplicationFilterChain.doFilter(ApplicationFilterChain.java:166)
	at org.springframework.web.filter.FormContentFilter.doFilterInternal(FormContentFilter.java:92)
	at org.springframework.web.filter.OncePerRequestFilter.doFilter(OncePerRequestFilter.java:107)
	at org.apache.catalina.core.ApplicationFilterChain.internalDoFilter(ApplicationFilterChain.java:193)
	at org.apache.catalina.core.ApplicationFilterChain.doFilter(ApplicationFilterChain.java:166)
	at org.springframework.web.filter.HiddenHttpMethodFilter.doFilterInternal(HiddenHttpMethodFilter.java:93)
	at org.springframework.web.filter.OncePerRequestFilter.doFilter(OncePerRequestFilter.java:107)
	at org.apache.catalina.core.ApplicationFilterChain.internalDoFilter(ApplicationFilterChain.java:193)
	at org.apache.catalina.core.ApplicationFilterChain.doFilter(ApplicationFilterChain.java:166)
	at org.springframework.web.filter.CharacterEncodingFilter.doFilterInternal(CharacterEncodingFilter.java:200)
	at org.springframework.web.filter.OncePerRequestFilter.doFilter(OncePerRequestFilter.java:107)
	at org.apache.catalina.core.ApplicationFilterChain.internalDoFilter(ApplicationFilterChain.java:193)
	at org.apache.catalina.core.ApplicationFilterChain.doFilter(ApplicationFilterChain.java:166)
	at org.apache.catalina.core.StandardWrapperValve.invoke(StandardWrapperValve.java:199)
	at org.apache.catalina.core.StandardContextValve.invoke(StandardContextValve.java:96)
	at org.apache.catalina.authenticator.AuthenticatorBase.invoke(AuthenticatorBase.java:490)
	at org.apache.catalina.core.StandardHostValve.invoke(StandardHostValve.java:139)
	at org.apache.catalina.valves.ErrorReportValve.invoke(ErrorReportValve.java:92)
	at org.apache.catalina.core.StandardEngineValve.invoke(StandardEngineValve.java:74)
	at org.apache.catalina.connector.CoyoteAdapter.service(CoyoteAdapter.java:343)
	at org.apache.coyote.http11.Http11Processor.service(Http11Processor.java:408)
	at org.apache.coyote.AbstractProcessorLight.process(AbstractProcessorLight.java:66)
	at org.apache.coyote.AbstractProtocol$ConnectionHandler.process(AbstractProtocol.java:770)
	at org.apache.tomcat.util.net.NioEndpoint$SocketProcessor.doRun(NioEndpoint.java:1415)
	at org.apache.tomcat.util.net.SocketProcessorBase.run(SocketProcessorBase.java:49)
	at java.util.concurrent.ThreadPoolExecutor.runWorker(ThreadPoolExecutor.java:1149)
	at java.util.concurrent.ThreadPoolExecutor$Worker.run(ThreadPoolExecutor.java:624)
	at org.apache.tomcat.util.threads.TaskThread$WrappingRunnable.run(TaskThread.java:61)
	at java.lang.Thread.run(Thread.java:748)
Caused by: java.io.IOException: 您的主机中的软件中止了一个已建立的连接。
	at sun.nio.ch.SocketDispatcher.write0(Native Method)
	at sun.nio.ch.SocketDispatcher.write(SocketDispatcher.java:51)
	at sun.nio.ch.IOUtil.writeFromNativeBuffer(IOUtil.java:93)
	at sun.nio.ch.IOUtil.write(IOUtil.java:65)
	at sun.nio.ch.SocketChannelImpl.write(SocketChannelImpl.java:471)
	at org.apache.tomcat.util.net.NioChannel.write(NioChannel.java:134)
	at org.apache.tomcat.util.net.NioBlockingSelector.write(NioBlockingSelector.java:101)
	at org.apache.tomcat.util.net.NioSelectorPool.write(NioSelectorPool.java:157)
	at org.apache.tomcat.util.net.NioEndpoint$NioSocketWrapper.doWrite(NioEndpoint.java:1223)
	at org.apache.tomcat.util.net.SocketWrapperBase.doWrite(SocketWrapperBase.java:743)
	at org.apache.tomcat.util.net.SocketWrapperBase.flushBlocking(SocketWrapperBase.java:696)
	at org.apache.tomcat.util.net.SocketWrapperBase.flush(SocketWrapperBase.java:686)
	at org.apache.coyote.http11.Http11OutputBuffer$SocketOutputBuffer.flush(Http11OutputBuffer.java:553)
	at org.apache.coyote.http11.filters.ChunkedOutputFilter.flush(ChunkedOutputFilter.java:157)
	at org.apache.coyote.http11.Http11OutputBuffer.flush(Http11OutputBuffer.java:216)
	at org.apache.coyote.http11.Http11Processor.flush(Http11Processor.java:1147)
	at org.apache.coyote.AbstractProcessor.action(AbstractProcessor.java:376)
	at org.apache.coyote.Response.action(Response.java:209)
	at org.apache.catalina.connector.OutputBuffer.doFlush(OutputBuffer.java:294)
	... 74 common frames omitted
2020-07-16 16:05:10.716 INFO  --- [HikariDataSource.java:350][Thread-24] - HikariPool-1 - Shutdown initiated...
2020-07-16 16:05:10.726 INFO  --- [HikariDataSource.java:352][Thread-24] - HikariPool-1 - Shutdown completed.
2020-07-16 16:05:18.801 INFO  --- [StartupInfoLogger.java:50][restartedMain] - Starting MyApplication on Win7-2019IXFNKB with PID 2128 (started by Administrator in D:\vue课件\SpringBoot-Shiro-Vue\back)
2020-07-16 16:05:18.806 INFO  --- [SpringApplication.java:675][restartedMain] - No active profile set, falling back to default profiles: default
2020-07-16 16:05:24.292 INFO  --- [StartupInfoLogger.java:59][restartedMain] - Started MyApplication in 6.035 seconds (JVM running for 7.456)
2020-07-16 16:05:48.110 INFO  --- [HikariDataSource.java:110][http-nio-8080-exec-1] - HikariPool-1 - Starting...
2020-07-16 16:05:48.308 INFO  --- [HikariDataSource.java:123][http-nio-8080-exec-1] - HikariPool-1 - Start completed.
2020-07-16 16:05:48.320 DEBUG --- [BaseJdbcLogger.java:159][http-nio-8080-exec-1] - ==>  Preparing: SELECT u.id userId, u.username username, u.password password, u.nickname nickName FROM sys_user u WHERE u.username = ? AND u.password = ? AND u.delete_status = '1' 
2020-07-16 16:05:48.366 DEBUG --- [BaseJdbcLogger.java:159][http-nio-8080-exec-1] - ==> Parameters: admin(String), 1234(String)
2020-07-16 16:05:48.404 DEBUG --- [BaseJdbcLogger.java:159][http-nio-8080-exec-1] - <==      Total: 0
2020-07-16 16:12:23.148 INFO  --- [StartupInfoLogger.java:50][restartedMain] - Starting MyApplication on Win7-2019IXFNKB with PID 11208 (started by Administrator in D:\vue课件\SpringBoot-Shiro-Vue\back)
2020-07-16 16:12:23.154 INFO  --- [SpringApplication.java:675][restartedMain] - No active profile set, falling back to default profiles: default
2020-07-16 16:12:29.739 INFO  --- [StartupInfoLogger.java:59][restartedMain] - Started MyApplication in 7.215 seconds (JVM running for 8.821)
2020-07-16 16:13:16.815 INFO  --- [HikariDataSource.java:110][http-nio-8080-exec-1] - HikariPool-1 - Starting...
2020-07-16 16:13:17.822 INFO  --- [HikariDataSource.java:123][http-nio-8080-exec-1] - HikariPool-1 - Start completed.
2020-07-16 16:13:17.947 DEBUG --- [BaseJdbcLogger.java:159][http-nio-8080-exec-1] - ==>  Preparing: SELECT u.id userId, u.username username, u.password password, u.nickname nickName FROM sys_user u WHERE u.username = ? AND u.password = ? AND u.delete_status = '1' 
2020-07-16 16:13:18.546 DEBUG --- [BaseJdbcLogger.java:159][http-nio-8080-exec-1] - ==> Parameters: admin(String), 1234(String)
2020-07-16 16:13:18.966 DEBUG --- [BaseJdbcLogger.java:159][http-nio-8080-exec-1] - <==      Total: 0
2020-07-16 17:51:24.313 INFO  --- [HikariDataSource.java:350][Thread-25] - HikariPool-1 - Shutdown initiated...
2020-07-16 17:51:24.321 INFO  --- [HikariDataSource.java:352][Thread-25] - HikariPool-1 - Shutdown completed.
